<?xml version='1.0' encoding='UTF-8'?>
<testsuite hostname="samue-dry-mac.local" name="com.banno.services.UserServiceSpec" tests="17" errors="0" failures="0" skipped="0" time="2.807">
                     <properties>
[...]
</properties>
                     <testcase classname="com.banno.services.UserServiceSpec" name="When trying to get a list of all dbUsers getAll should::return a list of type dbUser" time="2.047">
                                                 
                                               </testcase><testcase classname="com.banno.services.UserServiceSpec" name="When trying to get a list of all dbUsers getAll should::return a list of dbUser" time="0.075">
                                                 
                                               </testcase><testcase classname="com.banno.services.UserServiceSpec" name="When we try to get a user that does exist get should::return some dbUser" time="0.072">
                                                 
                                               </testcase><testcase classname="com.banno.services.UserServiceSpec" name="When we try to get an invalid user get should::return None" time="0.017">
                                                 
                                               </testcase><testcase classname="com.banno.services.UserServiceSpec" name="When we try to create an account with a username that already exists create should::return None" time="0.054">
                                                 
                                               </testcase><testcase classname="com.banno.services.UserServiceSpec" name="When we try to create an account with a username that isn't taken create should::return the username of the created user" time="0.088">
                                                 
                                               </testcase><testcase classname="com.banno.services.UserServiceSpec" name="when trying to change a password of a valid user changePassword should::return a Future of Some String" time="0.036">
                                                 
                                               </testcase><testcase classname="com.banno.services.UserServiceSpec" name="when trying to change a password of an invalid user changePassword should::return a Future of None" time="0.014">
                                                 
                                               </testcase><testcase classname="com.banno.services.UserServiceSpec" name="When passing in valid UserCred and a term to add addToSearchTerm should::return a Future of Some String" time="0.035">
                                                 
                                               </testcase><testcase classname="com.banno.services.UserServiceSpec" name="When passing in an invalid UserCred addToSearchTerm should::return None" time="0.016">
                                                 
                                               </testcase><testcase classname="com.banno.services.UserServiceSpec" name="When passing in a valid UserCred verifyUser should::return true" time="0.017">
                                                 
                                               </testcase><testcase classname="com.banno.services.UserServiceSpec" name="When passing in a user with a valid username and invalid password verifyUser should::return false" time="0.015">
                                                 
                                               </testcase><testcase classname="com.banno.services.UserServiceSpec" name="When passing in a user with an invalid username verifyUser should::return false" time="0.017">
                                                 
                                               </testcase><testcase classname="com.banno.services.UserServiceSpec" name="when we have a user and we call findMostFrequent it should::find the most frequent search" time="0.07">
                                                 
                                               </testcase><testcase classname="com.banno.services.UserServiceSpec" name="when we have a user that has a tie for the most frequent search findMostFrequent should::return dogs" time="0.083">
                                                 
                                               </testcase><testcase classname="com.banno.services.UserServiceSpec" name="when we have a user that hasn't searched for anything findMostFrequent should::return null" time="0.056">
                                                 
                                               </testcase><testcase classname="com.banno.services.UserServiceSpec" name="when we have a list of users allMostFrequentSearch should::return some list of string" time="0.095">
                                                 
                                               </testcase>
                     <system-out><![CDATA[]]></system-out>
                     <system-err><![CDATA[]]></system-err>
                   </testsuite>